
Start-Date: 2023-09-24  23:15:40
Commandline: apt install iproute2
Install: libxtables12:arm64 (1.8.7-1, automatic), libcap2-bin:arm64 (1:2.44-1, automatic), libatm1:arm64 (1:2.5.1-4, automatic), libbpf0:arm64 (1:0.3-2, automatic), libmnl0:arm64 (1.0.4-3, automatic), libbsd0:arm64 (0.11.3-1, automatic), libcap2:arm64 (1:2.44-1, automatic), libpam-cap:arm64 (1:2.44-1, automatic), libelf1:arm64 (0.183-1, automatic), libmd0:arm64 (1.0.3-3, automatic), iproute2:arm64 (5.10.0-4)
End-Date: 2023-09-24  23:15:41

Start-Date: 2023-09-24  23:20:09
Commandline: apt install -y iproute2
Install: libxtables12:arm64 (1.8.7-1, automatic), libcap2-bin:arm64 (1:2.44-1, automatic), libatm1:arm64 (1:2.5.1-4, automatic), libbpf0:arm64 (1:0.3-2, automatic), libmnl0:arm64 (1.0.4-3, automatic), libbsd0:arm64 (0.11.3-1, automatic), libcap2:arm64 (1:2.44-1, automatic), libpam-cap:arm64 (1:2.44-1, automatic), libelf1:arm64 (0.183-1, automatic), libmd0:arm64 (1.0.3-3, automatic), iproute2:arm64 (5.10.0-4)
End-Date: 2023-09-24  23:20:10

Start-Date: 2023-09-24  23:43:24
Commandline: /usr/bin/apt-get install -y iproute2
Install: libxtables12:arm64 (1.8.7-1, automatic), libcap2-bin:arm64 (1:2.44-1, automatic), libatm1:arm64 (1:2.5.1-4, automatic), libbpf0:arm64 (1:0.3-2, automatic), libmnl0:arm64 (1.0.4-3, automatic), libbsd0:arm64 (0.11.3-1, automatic), libcap2:arm64 (1:2.44-1, automatic), libpam-cap:arm64 (1:2.44-1, automatic), libelf1:arm64 (0.183-1, automatic), libmd0:arm64 (1.0.3-3, automatic), iproute2:arm64 (5.10.0-4)
End-Date: 2023-09-24  23:43:25

Start-Date: 2023-09-24  23:45:04
Commandline: /usr/bin/apt-get install -y iproute2
Install: libxtables12:arm64 (1.8.7-1, automatic), libcap2-bin:arm64 (1:2.44-1, automatic), libatm1:arm64 (1:2.5.1-4, automatic), libbpf0:arm64 (1:0.3-2, automatic), libmnl0:arm64 (1.0.4-3, automatic), libbsd0:arm64 (0.11.3-1, automatic), libcap2:arm64 (1:2.44-1, automatic), libpam-cap:arm64 (1:2.44-1, automatic), libelf1:arm64 (0.183-1, automatic), libmd0:arm64 (1.0.3-3, automatic), iproute2:arm64 (5.10.0-4)
End-Date: 2023-09-24  23:45:05

Start-Date: 2023-09-24  23:47:24
Commandline: /usr/bin/apt-get install -y iproute2
Install: libxtables12:arm64 (1.8.7-1, automatic), libcap2-bin:arm64 (1:2.44-1, automatic), libatm1:arm64 (1:2.5.1-4, automatic), libbpf0:arm64 (1:0.3-2, automatic), libmnl0:arm64 (1.0.4-3, automatic), libbsd0:arm64 (0.11.3-1, automatic), libcap2:arm64 (1:2.44-1, automatic), libpam-cap:arm64 (1:2.44-1, automatic), libelf1:arm64 (0.183-1, automatic), libmd0:arm64 (1.0.3-3, automatic), iproute2:arm64 (5.10.0-4)
End-Date: 2023-09-24  23:47:25

Start-Date: 2023-09-24  23:50:47
Commandline: /usr/bin/apt-get install -y iproute2
Install: libxtables12:arm64 (1.8.7-1, automatic), libcap2-bin:arm64 (1:2.44-1, automatic), libatm1:arm64 (1:2.5.1-4, automatic), libbpf0:arm64 (1:0.3-2, automatic), libmnl0:arm64 (1.0.4-3, automatic), libbsd0:arm64 (0.11.3-1, automatic), libcap2:arm64 (1:2.44-1, automatic), libpam-cap:arm64 (1:2.44-1, automatic), libelf1:arm64 (0.183-1, automatic), libmd0:arm64 (1.0.3-3, automatic), iproute2:arm64 (5.10.0-4)
End-Date: 2023-09-24  23:50:47

Start-Date: 2023-09-24  23:52:25
Commandline: /usr/bin/apt-get install -y iproute2
Install: libxtables12:arm64 (1.8.7-1, automatic), libcap2-bin:arm64 (1:2.44-1, automatic), libatm1:arm64 (1:2.5.1-4, automatic), libbpf0:arm64 (1:0.3-2, automatic), libmnl0:arm64 (1.0.4-3, automatic), libbsd0:arm64 (0.11.3-1, automatic), libcap2:arm64 (1:2.44-1, automatic), libpam-cap:arm64 (1:2.44-1, automatic), libelf1:arm64 (0.183-1, automatic), libmd0:arm64 (1.0.3-3, automatic), iproute2:arm64 (5.10.0-4)
End-Date: 2023-09-24  23:52:26

Start-Date: 2023-09-25  00:03:49
Commandline: /usr/bin/apt-get install -y iproute2
Install: libxtables12:arm64 (1.8.7-1, automatic), libcap2-bin:arm64 (1:2.44-1, automatic), libatm1:arm64 (1:2.5.1-4, automatic), libbpf0:arm64 (1:0.3-2, automatic), libmnl0:arm64 (1.0.4-3, automatic), libbsd0:arm64 (0.11.3-1, automatic), libcap2:arm64 (1:2.44-1, automatic), libpam-cap:arm64 (1:2.44-1, automatic), libelf1:arm64 (0.183-1, automatic), libmd0:arm64 (1.0.3-3, automatic), iproute2:arm64 (5.10.0-4)
End-Date: 2023-09-25  00:03:49

Start-Date: 2023-09-25  00:17:11
Commandline: /usr/bin/apt-get install -y iproute2
Install: libxtables12:arm64 (1.8.7-1, automatic), libcap2-bin:arm64 (1:2.44-1, automatic), libatm1:arm64 (1:2.5.1-4, automatic), libbpf0:arm64 (1:0.3-2, automatic), libmnl0:arm64 (1.0.4-3, automatic), libbsd0:arm64 (0.11.3-1, automatic), libcap2:arm64 (1:2.44-1, automatic), libpam-cap:arm64 (1:2.44-1, automatic), libelf1:arm64 (0.183-1, automatic), libmd0:arm64 (1.0.3-3, automatic), iproute2:arm64 (5.10.0-4)
End-Date: 2023-09-25  00:17:11

Start-Date: 2023-09-25  00:19:22
Commandline: /usr/bin/apt-get install -y iproute2
Install: libxtables12:arm64 (1.8.7-1, automatic), libcap2-bin:arm64 (1:2.44-1, automatic), libatm1:arm64 (1:2.5.1-4, automatic), libbpf0:arm64 (1:0.3-2, automatic), libmnl0:arm64 (1.0.4-3, automatic), libbsd0:arm64 (0.11.3-1, automatic), libcap2:arm64 (1:2.44-1, automatic), libpam-cap:arm64 (1:2.44-1, automatic), libelf1:arm64 (0.183-1, automatic), libmd0:arm64 (1.0.3-3, automatic), iproute2:arm64 (5.10.0-4)
End-Date: 2023-09-25  00:19:23

Start-Date: 2023-09-25  00:24:42
Commandline: /usr/bin/apt-get install -y iproute2
Install: libxtables12:arm64 (1.8.7-1, automatic), libcap2-bin:arm64 (1:2.44-1, automatic), libatm1:arm64 (1:2.5.1-4, automatic), libbpf0:arm64 (1:0.3-2, automatic), libmnl0:arm64 (1.0.4-3, automatic), libbsd0:arm64 (0.11.3-1, automatic), libcap2:arm64 (1:2.44-1, automatic), libpam-cap:arm64 (1:2.44-1, automatic), libelf1:arm64 (0.183-1, automatic), libmd0:arm64 (1.0.3-3, automatic), iproute2:arm64 (5.10.0-4)
End-Date: 2023-09-25  00:24:43

Start-Date: 2023-09-25  00:25:20
Commandline: /usr/bin/apt-get install -y iproute2
Install: libxtables12:arm64 (1.8.7-1, automatic), libcap2-bin:arm64 (1:2.44-1, automatic), libatm1:arm64 (1:2.5.1-4, automatic), libbpf0:arm64 (1:0.3-2, automatic), libmnl0:arm64 (1.0.4-3, automatic), libbsd0:arm64 (0.11.3-1, automatic), libcap2:arm64 (1:2.44-1, automatic), libpam-cap:arm64 (1:2.44-1, automatic), libelf1:arm64 (0.183-1, automatic), libmd0:arm64 (1.0.3-3, automatic), iproute2:arm64 (5.10.0-4)
End-Date: 2023-09-25  00:25:20

Start-Date: 2023-09-25  00:28:27
Commandline: /usr/bin/apt-get install -y iproute2
Install: libxtables12:arm64 (1.8.7-1, automatic), libcap2-bin:arm64 (1:2.44-1, automatic), libatm1:arm64 (1:2.5.1-4, automatic), libbpf0:arm64 (1:0.3-2, automatic), libmnl0:arm64 (1.0.4-3, automatic), libbsd0:arm64 (0.11.3-1, automatic), libcap2:arm64 (1:2.44-1, automatic), libpam-cap:arm64 (1:2.44-1, automatic), libelf1:arm64 (0.183-1, automatic), libmd0:arm64 (1.0.3-3, automatic), iproute2:arm64 (5.10.0-4)
End-Date: 2023-09-25  00:28:28

Start-Date: 2023-09-25  00:32:31
Commandline: /usr/bin/apt-get install -y iproute2
Install: libxtables12:arm64 (1.8.7-1, automatic), libcap2-bin:arm64 (1:2.44-1, automatic), libatm1:arm64 (1:2.5.1-4, automatic), libbpf0:arm64 (1:0.3-2, automatic), libmnl0:arm64 (1.0.4-3, automatic), libbsd0:arm64 (0.11.3-1, automatic), libcap2:arm64 (1:2.44-1, automatic), libpam-cap:arm64 (1:2.44-1, automatic), libelf1:arm64 (0.183-1, automatic), libmd0:arm64 (1.0.3-3, automatic), iproute2:arm64 (5.10.0-4)
End-Date: 2023-09-25  00:32:31

Start-Date: 2023-09-25  00:41:46
Commandline: /usr/bin/apt-get install -y iproute2
Install: libxtables12:arm64 (1.8.7-1, automatic), libcap2-bin:arm64 (1:2.44-1, automatic), libatm1:arm64 (1:2.5.1-4, automatic), libbpf0:arm64 (1:0.3-2, automatic), libmnl0:arm64 (1.0.4-3, automatic), libbsd0:arm64 (0.11.3-1, automatic), libcap2:arm64 (1:2.44-1, automatic), libpam-cap:arm64 (1:2.44-1, automatic), libelf1:arm64 (0.183-1, automatic), libmd0:arm64 (1.0.3-3, automatic), iproute2:arm64 (5.10.0-4)
End-Date: 2023-09-25  00:41:46

Start-Date: 2023-09-25  00:54:15
Commandline: /usr/bin/apt-get install -y iproute2
Install: libxtables12:arm64 (1.8.7-1, automatic), libcap2-bin:arm64 (1:2.44-1, automatic), libatm1:arm64 (1:2.5.1-4, automatic), libbpf0:arm64 (1:0.3-2, automatic), libmnl0:arm64 (1.0.4-3, automatic), libbsd0:arm64 (0.11.3-1, automatic), libcap2:arm64 (1:2.44-1, automatic), libpam-cap:arm64 (1:2.44-1, automatic), libelf1:arm64 (0.183-1, automatic), libmd0:arm64 (1.0.3-3, automatic), iproute2:arm64 (5.10.0-4)
End-Date: 2023-09-25  00:54:16

Start-Date: 2023-09-25  01:00:17
Commandline: /usr/bin/apt-get install -y iproute2
Install: libxtables12:arm64 (1.8.7-1, automatic), libcap2-bin:arm64 (1:2.44-1, automatic), libatm1:arm64 (1:2.5.1-4, automatic), libbpf0:arm64 (1:0.3-2, automatic), libmnl0:arm64 (1.0.4-3, automatic), libbsd0:arm64 (0.11.3-1, automatic), libcap2:arm64 (1:2.44-1, automatic), libpam-cap:arm64 (1:2.44-1, automatic), libelf1:arm64 (0.183-1, automatic), libmd0:arm64 (1.0.3-3, automatic), iproute2:arm64 (5.10.0-4)
End-Date: 2023-09-25  01:00:18

Start-Date: 2023-09-25  01:08:41
Commandline: /usr/bin/apt-get install -y iproute2
Install: libxtables12:arm64 (1.8.7-1, automatic), libcap2-bin:arm64 (1:2.44-1, automatic), libatm1:arm64 (1:2.5.1-4, automatic), libbpf0:arm64 (1:0.3-2, automatic), libmnl0:arm64 (1.0.4-3, automatic), libbsd0:arm64 (0.11.3-1, automatic), libcap2:arm64 (1:2.44-1, automatic), libpam-cap:arm64 (1:2.44-1, automatic), libelf1:arm64 (0.183-1, automatic), libmd0:arm64 (1.0.3-3, automatic), iproute2:arm64 (5.10.0-4)
End-Date: 2023-09-25  01:08:41

Start-Date: 2023-09-25  01:10:25
Commandline: /usr/bin/apt-get install -y iproute2
Install: libxtables12:arm64 (1.8.7-1, automatic), libcap2-bin:arm64 (1:2.44-1, automatic), libatm1:arm64 (1:2.5.1-4, automatic), libbpf0:arm64 (1:0.3-2, automatic), libmnl0:arm64 (1.0.4-3, automatic), libbsd0:arm64 (0.11.3-1, automatic), libcap2:arm64 (1:2.44-1, automatic), libpam-cap:arm64 (1:2.44-1, automatic), libelf1:arm64 (0.183-1, automatic), libmd0:arm64 (1.0.3-3, automatic), iproute2:arm64 (5.10.0-4)
End-Date: 2023-09-25  01:10:25

Start-Date: 2023-09-25  01:14:44
Commandline: /usr/bin/apt-get install -y iproute2
Install: libxtables12:arm64 (1.8.7-1, automatic), libcap2-bin:arm64 (1:2.44-1, automatic), libatm1:arm64 (1:2.5.1-4, automatic), libbpf0:arm64 (1:0.3-2, automatic), libmnl0:arm64 (1.0.4-3, automatic), libbsd0:arm64 (0.11.3-1, automatic), libcap2:arm64 (1:2.44-1, automatic), libpam-cap:arm64 (1:2.44-1, automatic), libelf1:arm64 (0.183-1, automatic), libmd0:arm64 (1.0.3-3, automatic), iproute2:arm64 (5.10.0-4)
End-Date: 2023-09-25  01:14:45
